  [1m[36m (171.7ms)[0m  [1mCREATE TABLE `schema_migrations` (`version` varchar(255) NOT NULL) ENGINE=InnoDB[0m
  [1m[35m (0.3ms)[0m  SHOW KEYS FROM `schema_migrations`
  [1m[36m (191.7ms)[0m  [1mCREATE UNIQUE INDEX `unique_schema_migrations` ON `schema_migrations` (`version`)[0m
  [1m[35m (0.1ms)[0m  SELECT `schema_migrations`.`version` FROM `schema_migrations` 
  [1m[36m (0.1ms)[0m  [1mSELECT `schema_migrations`.`version` FROM `schema_migrations` [0m
  [1m[35m (0.3ms)[0m  DROP DATABASE IF EXISTS `ticketee_test`
  [1m[36m (0.1ms)[0m  [1mCREATE DATABASE `ticketee_test` DEFAULT CHARACTER SET `utf8` COLLATE `utf8_unicode_ci`[0m
  [1m[35m (142.8ms)[0m  CREATE TABLE `schema_migrations` (`version` varchar(255) NOT NULL) ENGINE=InnoDB
  [1m[36m (0.3ms)[0m  [1mSHOW KEYS FROM `schema_migrations`[0m
  [1m[35m (175.2ms)[0m  CREATE UNIQUE INDEX `unique_schema_migrations` ON `schema_migrations` (`version`)
  [1m[36m (0.3ms)[0m  [1mSELECT version FROM `schema_migrations`[0m
  [1m[35m (31.7ms)[0m  INSERT INTO `schema_migrations` (version) VALUES ('0')
  [1m[36m (0.1ms)[0m  [1mSELECT `schema_migrations`.`version` FROM `schema_migrations` [0m
  [1m[36m (0.1ms)[0m  [1mSELECT `schema_migrations`.`version` FROM `schema_migrations` [0m
  [1m[35m (65.1ms)[0m  DROP DATABASE IF EXISTS `ticketee_test`
  [1m[36m (0.1ms)[0m  [1mCREATE DATABASE `ticketee_test` DEFAULT CHARACTER SET `utf8` COLLATE `utf8_unicode_ci`[0m
  [1m[35m (117.1ms)[0m  CREATE TABLE `schema_migrations` (`version` varchar(255) NOT NULL) ENGINE=InnoDB
  [1m[36m (0.3ms)[0m  [1mSHOW KEYS FROM `schema_migrations`[0m
  [1m[35m (178.1ms)[0m  CREATE UNIQUE INDEX `unique_schema_migrations` ON `schema_migrations` (`version`)
  [1m[36m (0.2ms)[0m  [1mSELECT version FROM `schema_migrations`[0m
  [1m[35m (36.1ms)[0m  INSERT INTO `schema_migrations` (version) VALUES ('0')
  [1m[36m (0.1ms)[0m  [1mSELECT `schema_migrations`.`version` FROM `schema_migrations` [0m
  [1m[35m (76.5ms)[0m  DROP DATABASE IF EXISTS `ticketee_test`
  [1m[36m (0.2ms)[0m  [1mCREATE DATABASE `ticketee_test` DEFAULT CHARACTER SET `utf8` COLLATE `utf8_unicode_ci`[0m
  [1m[35m (95.8ms)[0m  CREATE TABLE `schema_migrations` (`version` varchar(255) NOT NULL) ENGINE=InnoDB
  [1m[36m (0.3ms)[0m  [1mSHOW KEYS FROM `schema_migrations`[0m
  [1m[35m (175.2ms)[0m  CREATE UNIQUE INDEX `unique_schema_migrations` ON `schema_migrations` (`version`)
  [1m[36m (0.2ms)[0m  [1mSELECT version FROM `schema_migrations`[0m
  [1m[35m (32.1ms)[0m  INSERT INTO `schema_migrations` (version) VALUES ('0')
  [1m[36m (0.1ms)[0m  [1mSELECT `schema_migrations`.`version` FROM `schema_migrations` [0m
  [1m[35m (84.9ms)[0m  DROP DATABASE IF EXISTS `ticketee_test`
  [1m[36m (0.1ms)[0m  [1mCREATE DATABASE `ticketee_test` DEFAULT CHARACTER SET `utf8` COLLATE `utf8_unicode_ci`[0m
  [1m[35m (95.1ms)[0m  CREATE TABLE `schema_migrations` (`version` varchar(255) NOT NULL) ENGINE=InnoDB
  [1m[36m (0.3ms)[0m  [1mSHOW KEYS FROM `schema_migrations`[0m
  [1m[35m (167.2ms)[0m  CREATE UNIQUE INDEX `unique_schema_migrations` ON `schema_migrations` (`version`)
  [1m[36m (0.2ms)[0m  [1mSELECT version FROM `schema_migrations`[0m
  [1m[35m (40.0ms)[0m  INSERT INTO `schema_migrations` (version) VALUES ('0')
  [1m[36m (0.1ms)[0m  [1mSELECT `schema_migrations`.`version` FROM `schema_migrations` [0m
  [1m[35m (80.8ms)[0m  DROP DATABASE IF EXISTS `ticketee_test`
  [1m[36m (0.2ms)[0m  [1mCREATE DATABASE `ticketee_test` DEFAULT CHARACTER SET `utf8` COLLATE `utf8_unicode_ci`[0m
  [1m[35m (98.3ms)[0m  CREATE TABLE `schema_migrations` (`version` varchar(255) NOT NULL) ENGINE=InnoDB
  [1m[36m (0.3ms)[0m  [1mSHOW KEYS FROM `schema_migrations`[0m
  [1m[35m (190.2ms)[0m  CREATE UNIQUE INDEX `unique_schema_migrations` ON `schema_migrations` (`version`)
  [1m[36m (0.3ms)[0m  [1mSELECT version FROM `schema_migrations`[0m
  [1m[35m (40.0ms)[0m  INSERT INTO `schema_migrations` (version) VALUES ('0')


Started GET "/assets/rails.png" for 127.0.0.1 at 2011-10-04 10:08:47 +0200
Served asset /rails.png - 200 OK (3ms)
  [1m[36m (0.1ms)[0m  [1mSELECT `schema_migrations`.`version` FROM `schema_migrations` [0m
  [1m[35m (79.0ms)[0m  DROP DATABASE IF EXISTS `ticketee_test`
  [1m[36m (0.2ms)[0m  [1mCREATE DATABASE `ticketee_test` DEFAULT CHARACTER SET `utf8` COLLATE `utf8_unicode_ci`[0m
  [1m[35m (79.9ms)[0m  CREATE TABLE `schema_migrations` (`version` varchar(255) NOT NULL) ENGINE=InnoDB
  [1m[36m (0.3ms)[0m  [1mSHOW KEYS FROM `schema_migrations`[0m
  [1m[35m (150.2ms)[0m  CREATE UNIQUE INDEX `unique_schema_migrations` ON `schema_migrations` (`version`)
  [1m[36m (0.2ms)[0m  [1mSELECT version FROM `schema_migrations`[0m
  [1m[35m (32.0ms)[0m  INSERT INTO `schema_migrations` (version) VALUES ('0')
  [1m[36m (0.1ms)[0m  [1mSELECT `schema_migrations`.`version` FROM `schema_migrations` [0m
  [1m[35m (76.1ms)[0m  DROP DATABASE IF EXISTS `ticketee_test`
  [1m[36m (0.1ms)[0m  [1mCREATE DATABASE `ticketee_test` DEFAULT CHARACTER SET `utf8` COLLATE `utf8_unicode_ci`[0m
  [1m[35m (87.2ms)[0m  CREATE TABLE `schema_migrations` (`version` varchar(255) NOT NULL) ENGINE=InnoDB
  [1m[36m (0.3ms)[0m  [1mSHOW KEYS FROM `schema_migrations`[0m
  [1m[35m (191.8ms)[0m  CREATE UNIQUE INDEX `unique_schema_migrations` ON `schema_migrations` (`version`)
  [1m[36m (0.2ms)[0m  [1mSELECT version FROM `schema_migrations`[0m
  [1m[35m (32.1ms)[0m  INSERT INTO `schema_migrations` (version) VALUES ('0')
  [1m[36m (0.1ms)[0m  [1mSELECT `schema_migrations`.`version` FROM `schema_migrations` [0m
  [1m[35m (80.2ms)[0m  DROP DATABASE IF EXISTS `ticketee_test`
  [1m[36m (0.1ms)[0m  [1mCREATE DATABASE `ticketee_test` DEFAULT CHARACTER SET `utf8` COLLATE `utf8_unicode_ci`[0m
  [1m[35m (103.9ms)[0m  CREATE TABLE `schema_migrations` (`version` varchar(255) NOT NULL) ENGINE=InnoDB
  [1m[36m (0.3ms)[0m  [1mSHOW KEYS FROM `schema_migrations`[0m
  [1m[35m (200.2ms)[0m  CREATE UNIQUE INDEX `unique_schema_migrations` ON `schema_migrations` (`version`)
  [1m[36m (0.2ms)[0m  [1mSELECT version FROM `schema_migrations`[0m
  [1m[35m (40.2ms)[0m  INSERT INTO `schema_migrations` (version) VALUES ('0')
  [1m[36m (0.1ms)[0m  [1mSELECT `schema_migrations`.`version` FROM `schema_migrations` [0m
  [1m[35m (116.9ms)[0m  DROP DATABASE IF EXISTS `ticketee_test`
  [1m[36m (0.1ms)[0m  [1mCREATE DATABASE `ticketee_test` DEFAULT CHARACTER SET `utf8` COLLATE `utf8_unicode_ci`[0m
  [1m[35m (100.8ms)[0m  CREATE TABLE `schema_migrations` (`version` varchar(255) NOT NULL) ENGINE=InnoDB
  [1m[36m (0.3ms)[0m  [1mSHOW KEYS FROM `schema_migrations`[0m
  [1m[35m (224.4ms)[0m  CREATE UNIQUE INDEX `unique_schema_migrations` ON `schema_migrations` (`version`)
  [1m[36m (0.2ms)[0m  [1mSELECT version FROM `schema_migrations`[0m
  [1m[35m (31.7ms)[0m  INSERT INTO `schema_migrations` (version) VALUES ('0')
  [1m[36m (0.1ms)[0m  [1mSELECT `schema_migrations`.`version` FROM `schema_migrations` [0m
  [1m[35m (104.1ms)[0m  DROP DATABASE IF EXISTS `ticketee_test`
  [1m[36m (0.1ms)[0m  [1mCREATE DATABASE `ticketee_test` DEFAULT CHARACTER SET `utf8` COLLATE `utf8_unicode_ci`[0m
  [1m[35m (103.8ms)[0m  CREATE TABLE `schema_migrations` (`version` varchar(255) NOT NULL) ENGINE=InnoDB
  [1m[36m (0.3ms)[0m  [1mSHOW KEYS FROM `schema_migrations`[0m
  [1m[35m (208.5ms)[0m  CREATE UNIQUE INDEX `unique_schema_migrations` ON `schema_migrations` (`version`)
  [1m[36m (0.2ms)[0m  [1mSELECT version FROM `schema_migrations`[0m
  [1m[35m (31.7ms)[0m  INSERT INTO `schema_migrations` (version) VALUES ('0')
  [1m[36m (0.1ms)[0m  [1mSELECT `schema_migrations`.`version` FROM `schema_migrations` [0m
  [1m[35m (119.9ms)[0m  DROP DATABASE IF EXISTS `ticketee_test`
  [1m[36m (0.1ms)[0m  [1mCREATE DATABASE `ticketee_test` DEFAULT CHARACTER SET `utf8` COLLATE `utf8_unicode_ci`[0m
  [1m[35m (133.0ms)[0m  CREATE TABLE `schema_migrations` (`version` varchar(255) NOT NULL) ENGINE=InnoDB
  [1m[36m (0.2ms)[0m  [1mSHOW KEYS FROM `schema_migrations`[0m
  [1m[35m (200.3ms)[0m  CREATE UNIQUE INDEX `unique_schema_migrations` ON `schema_migrations` (`version`)
  [1m[36m (0.2ms)[0m  [1mSELECT version FROM `schema_migrations`[0m
  [1m[35m (40.2ms)[0m  INSERT INTO `schema_migrations` (version) VALUES ('0')
  [1m[36m (0.1ms)[0m  [1mSELECT `schema_migrations`.`version` FROM `schema_migrations` [0m
  [1m[35m (103.8ms)[0m  DROP DATABASE IF EXISTS `ticketee_test`
  [1m[36m (0.1ms)[0m  [1mCREATE DATABASE `ticketee_test` DEFAULT CHARACTER SET `utf8` COLLATE `utf8_unicode_ci`[0m
  [1m[35m (93.2ms)[0m  CREATE TABLE `schema_migrations` (`version` varchar(255) NOT NULL) ENGINE=InnoDB
  [1m[36m (0.3ms)[0m  [1mSHOW KEYS FROM `schema_migrations`[0m
  [1m[35m (154.5ms)[0m  CREATE UNIQUE INDEX `unique_schema_migrations` ON `schema_migrations` (`version`)
  [1m[36m (0.2ms)[0m  [1mSELECT version FROM `schema_migrations`[0m
  [1m[35m (31.9ms)[0m  INSERT INTO `schema_migrations` (version) VALUES ('0')
  [1m[36m (0.1ms)[0m  [1mSELECT `schema_migrations`.`version` FROM `schema_migrations` [0m
  [1m[35m (70.9ms)[0m  DROP DATABASE IF EXISTS `ticketee_test`
  [1m[36m (0.1ms)[0m  [1mCREATE DATABASE `ticketee_test` DEFAULT CHARACTER SET `utf8` COLLATE `utf8_unicode_ci`[0m
  [1m[35m (96.5ms)[0m  CREATE TABLE `schema_migrations` (`version` varchar(255) NOT NULL) ENGINE=InnoDB
  [1m[36m (0.3ms)[0m  [1mSHOW KEYS FROM `schema_migrations`[0m
  [1m[35m (208.5ms)[0m  CREATE UNIQUE INDEX `unique_schema_migrations` ON `schema_migrations` (`version`)
  [1m[36m (0.3ms)[0m  [1mSELECT version FROM `schema_migrations`[0m
  [1m[35m (31.4ms)[0m  INSERT INTO `schema_migrations` (version) VALUES ('0')
  [1m[36m (0.1ms)[0m  [1mSELECT `schema_migrations`.`version` FROM `schema_migrations` [0m
  [1m[35m (70.1ms)[0m  DROP DATABASE IF EXISTS `ticketee_test`
  [1m[36m (0.1ms)[0m  [1mCREATE DATABASE `ticketee_test` DEFAULT CHARACTER SET `utf8` COLLATE `utf8_unicode_ci`[0m
  [1m[35m (104.9ms)[0m  CREATE TABLE `schema_migrations` (`version` varchar(255) NOT NULL) ENGINE=InnoDB
  [1m[36m (0.2ms)[0m  [1mSHOW KEYS FROM `schema_migrations`[0m
  [1m[35m (191.8ms)[0m  CREATE UNIQUE INDEX `unique_schema_migrations` ON `schema_migrations` (`version`)
  [1m[36m (0.2ms)[0m  [1mSELECT version FROM `schema_migrations`[0m
  [1m[35m (44.2ms)[0m  INSERT INTO `schema_migrations` (version) VALUES ('0')
  [1m[36m (0.1ms)[0m  [1mSELECT `schema_migrations`.`version` FROM `schema_migrations` [0m
Migrating to CreateProjects (20111004085527)
  [1m[35m (178.2ms)[0m  CREATE TABLE `projects` (`id` int(11) DEFAULT NULL auto_increment PRIMARY KEY, `name` varchar(255), `created_at` datetime, `updated_at` datetime) ENGINE=InnoDB
  [1m[36m (32.7ms)[0m  [1mINSERT INTO `schema_migrations` (`version`) VALUES ('20111004085527')[0m
  [1m[35m (0.2ms)[0m  SELECT `schema_migrations`.`version` FROM `schema_migrations` 
  [1m[36m (0.1ms)[0m  [1mSHOW KEYS FROM `projects`[0m
  [1m[36m (0.1ms)[0m  [1mSELECT `schema_migrations`.`version` FROM `schema_migrations` [0m
  [1m[35m (74.9ms)[0m  DROP DATABASE IF EXISTS `ticketee_test`
  [1m[36m (0.1ms)[0m  [1mCREATE DATABASE `ticketee_test` DEFAULT CHARACTER SET `utf8` COLLATE `utf8_unicode_ci`[0m
  [1m[35m (79.6ms)[0m  CREATE TABLE `projects` (`id` int(11) DEFAULT NULL auto_increment PRIMARY KEY, `name` varchar(255), `created_at` datetime, `updated_at` datetime) ENGINE=InnoDB
  [1m[36m (91.2ms)[0m  [1mCREATE TABLE `schema_migrations` (`version` varchar(255) NOT NULL) ENGINE=InnoDB[0m
  [1m[35m (0.3ms)[0m  SHOW KEYS FROM `schema_migrations`
  [1m[36m (183.5ms)[0m  [1mCREATE UNIQUE INDEX `unique_schema_migrations` ON `schema_migrations` (`version`)[0m
  [1m[35m (0.2ms)[0m  SELECT version FROM `schema_migrations`
  [1m[36m (31.8ms)[0m  [1mINSERT INTO `schema_migrations` (version) VALUES ('20111004085527')[0m
  [1m[36m (0.1ms)[0m  [1mSELECT `schema_migrations`.`version` FROM `schema_migrations` [0m
  [1m[35m (130.4ms)[0m  DROP DATABASE IF EXISTS `ticketee_test`
  [1m[36m (0.1ms)[0m  [1mCREATE DATABASE `ticketee_test` DEFAULT CHARACTER SET `utf8` COLLATE `utf8_unicode_ci`[0m
  [1m[35m (96.2ms)[0m  CREATE TABLE `projects` (`id` int(11) DEFAULT NULL auto_increment PRIMARY KEY, `name` varchar(255), `created_at` datetime, `updated_at` datetime) ENGINE=InnoDB
  [1m[36m (91.2ms)[0m  [1mCREATE TABLE `schema_migrations` (`version` varchar(255) NOT NULL) ENGINE=InnoDB[0m
  [1m[35m (0.2ms)[0m  SHOW KEYS FROM `schema_migrations`
  [1m[36m (175.2ms)[0m  [1mCREATE UNIQUE INDEX `unique_schema_migrations` ON `schema_migrations` (`version`)[0m
  [1m[35m (0.3ms)[0m  SELECT version FROM `schema_migrations`
  [1m[36m (23.2ms)[0m  [1mINSERT INTO `schema_migrations` (version) VALUES ('20111004085527')[0m


Started GET "/" for 127.0.0.1 at 2011-10-04 11:20:22 +0200
  Processing by ProjectsController#index as HTML
Rendered projects/index.html.erb within layouts/application (13.9ms)
Compiled application.css  (1ms)  (pid 6153)
Compiled projects.css  (85ms)  (pid 6153)
Compiled application.js  (2ms)  (pid 6153)
Compiled jquery.js  (23ms)  (pid 6153)
Compiled jquery_ujs.js  (20ms)  (pid 6153)
Compiled projects.js  (110ms)  (pid 6153)
Completed 200 OK in 348ms (Views: 347.8ms | ActiveRecord: 0.0ms)


Started GET "/assets/application.css?body=1" for 127.0.0.1 at 2011-10-04 11:20:24 +0200
Served asset /application.css - 200 OK (2ms)


Started GET "/assets/projects.css?body=1" for 127.0.0.1 at 2011-10-04 11:20:24 +0200
Served asset /projects.css - 200 OK (4ms)


Started GET "/assets/jquery.js?body=1" for 127.0.0.1 at 2011-10-04 11:20:24 +0200
Served asset /jquery.js - 200 OK (4ms)


Started GET "/assets/jquery_ujs.js?body=1" for 127.0.0.1 at 2011-10-04 11:20:24 +0200
Served asset /jquery_ujs.js - 200 OK (3ms)


Started GET "/assets/projects.js?body=1" for 127.0.0.1 at 2011-10-04 11:20:24 +0200
Served asset /projects.js - 200 OK (2ms)


Started GET "/assets/application.js?body=1" for 127.0.0.1 at 2011-10-04 11:20:24 +0200
Served asset /application.js - 200 OK (3ms)


Started GET "/projects/new" for 127.0.0.1 at 2011-10-04 11:20:26 +0200
  Processing by ProjectsController#new as HTML
Rendered projects/_form.html.erb (14.1ms)
Rendered projects/new.html.erb within layouts/application (36.3ms)
Completed 200 OK in 47ms (Views: 45.3ms | ActiveRecord: 0.9ms)


Started GET "/assets/application.css?body=1" for 127.0.0.1 at 2011-10-04 11:20:26 +0200
Served asset /application.css - 304 Not Modified (0ms)


Started GET "/assets/projects.js?body=1" for 127.0.0.1 at 2011-10-04 11:20:26 +0200
Served asset /projects.js - 304 Not Modified (0ms)


Started GET "/assets/projects.css?body=1" for 127.0.0.1 at 2011-10-04 11:20:26 +0200
Served asset /projects.css - 304 Not Modified (0ms)


Started GET "/assets/application.js?body=1" for 127.0.0.1 at 2011-10-04 11:20:26 +0200
Served asset /application.js - 304 Not Modified (0ms)


Started GET "/assets/jquery_ujs.js?body=1" for 127.0.0.1 at 2011-10-04 11:20:26 +0200
Served asset /jquery_ujs.js - 304 Not Modified (0ms)


Started GET "/assets/jquery.js?body=1" for 127.0.0.1 at 2011-10-04 11:20:26 +0200
Served asset /jquery.js - 304 Not Modified (0ms)
  [1m[36m (0.1ms)[0m  [1mSELECT `schema_migrations`.`version` FROM `schema_migrations` [0m
  [1m[35m (111.6ms)[0m  DROP DATABASE IF EXISTS `ticketee_test`
  [1m[36m (0.1ms)[0m  [1mCREATE DATABASE `ticketee_test` DEFAULT CHARACTER SET `utf8` COLLATE `utf8_unicode_ci`[0m
  [1m[35m (73.3ms)[0m  CREATE TABLE `projects` (`id` int(11) DEFAULT NULL auto_increment PRIMARY KEY, `name` varchar(255), `created_at` datetime, `updated_at` datetime) ENGINE=InnoDB
  [1m[36m (91.1ms)[0m  [1mCREATE TABLE `schema_migrations` (`version` varchar(255) NOT NULL) ENGINE=InnoDB[0m
  [1m[35m (0.2ms)[0m  SHOW KEYS FROM `schema_migrations`
  [1m[36m (170.9ms)[0m  [1mCREATE UNIQUE INDEX `unique_schema_migrations` ON `schema_migrations` (`version`)[0m
  [1m[35m (0.2ms)[0m  SELECT version FROM `schema_migrations`
  [1m[36m (40.1ms)[0m  [1mINSERT INTO `schema_migrations` (version) VALUES ('20111004085527')[0m
  [1m[36m (0.1ms)[0m  [1mSELECT `schema_migrations`.`version` FROM `schema_migrations` [0m
  [1m[35m (123.7ms)[0m  DROP DATABASE IF EXISTS `ticketee_test`
  [1m[36m (0.1ms)[0m  [1mCREATE DATABASE `ticketee_test` DEFAULT CHARACTER SET `utf8` COLLATE `utf8_unicode_ci`[0m
  [1m[35m (110.2ms)[0m  CREATE TABLE `projects` (`id` int(11) DEFAULT NULL auto_increment PRIMARY KEY, `name` varchar(255), `created_at` datetime, `updated_at` datetime) ENGINE=InnoDB
  [1m[36m (93.5ms)[0m  [1mCREATE TABLE `schema_migrations` (`version` varchar(255) NOT NULL) ENGINE=InnoDB[0m
  [1m[35m (0.3ms)[0m  SHOW KEYS FROM `schema_migrations`
  [1m[36m (166.8ms)[0m  [1mCREATE UNIQUE INDEX `unique_schema_migrations` ON `schema_migrations` (`version`)[0m
  [1m[35m (0.3ms)[0m  SELECT version FROM `schema_migrations`
  [1m[36m (31.7ms)[0m  [1mINSERT INTO `schema_migrations` (version) VALUES ('20111004085527')[0m
  [1m[36m (0.1ms)[0m  [1mSELECT `schema_migrations`.`version` FROM `schema_migrations` [0m
  [1m[35m (105.9ms)[0m  DROP DATABASE IF EXISTS `ticketee_test`
  [1m[36m (0.1ms)[0m  [1mCREATE DATABASE `ticketee_test` DEFAULT CHARACTER SET `utf8` COLLATE `utf8_unicode_ci`[0m
  [1m[35m (105.0ms)[0m  CREATE TABLE `projects` (`id` int(11) DEFAULT NULL auto_increment PRIMARY KEY, `name` varchar(255), `created_at` datetime, `updated_at` datetime) ENGINE=InnoDB
  [1m[36m (74.4ms)[0m  [1mCREATE TABLE `schema_migrations` (`version` varchar(255) NOT NULL) ENGINE=InnoDB[0m
  [1m[35m (0.2ms)[0m  SHOW KEYS FROM `schema_migrations`
  [1m[36m (191.6ms)[0m  [1mCREATE UNIQUE INDEX `unique_schema_migrations` ON `schema_migrations` (`version`)[0m
  [1m[35m (0.3ms)[0m  SELECT version FROM `schema_migrations`
  [1m[36m (31.6ms)[0m  [1mINSERT INTO `schema_migrations` (version) VALUES ('20111004085527')[0m
  [1m[36m (0.1ms)[0m  [1mSELECT `schema_migrations`.`version` FROM `schema_migrations` [0m
  [1m[35m (105.3ms)[0m  DROP DATABASE IF EXISTS `ticketee_test`
  [1m[36m (0.1ms)[0m  [1mCREATE DATABASE `ticketee_test` DEFAULT CHARACTER SET `utf8` COLLATE `utf8_unicode_ci`[0m
  [1m[35m (101.9ms)[0m  CREATE TABLE `projects` (`id` int(11) DEFAULT NULL auto_increment PRIMARY KEY, `name` varchar(255), `created_at` datetime, `updated_at` datetime) ENGINE=InnoDB
  [1m[36m (66.2ms)[0m  [1mCREATE TABLE `schema_migrations` (`version` varchar(255) NOT NULL) ENGINE=InnoDB[0m
  [1m[35m (0.3ms)[0m  SHOW KEYS FROM `schema_migrations`
  [1m[36m (193.2ms)[0m  [1mCREATE UNIQUE INDEX `unique_schema_migrations` ON `schema_migrations` (`version`)[0m
  [1m[35m (0.2ms)[0m  SELECT version FROM `schema_migrations`
  [1m[36m (31.8ms)[0m  [1mINSERT INTO `schema_migrations` (version) VALUES ('20111004085527')[0m
  [1m[36m (0.1ms)[0m  [1mSELECT `schema_migrations`.`version` FROM `schema_migrations` [0m
  [1m[35m (99.2ms)[0m  DROP DATABASE IF EXISTS `ticketee_test`
  [1m[36m (0.1ms)[0m  [1mCREATE DATABASE `ticketee_test` DEFAULT CHARACTER SET `utf8` COLLATE `utf8_unicode_ci`[0m
  [1m[35m (111.7ms)[0m  CREATE TABLE `projects` (`id` int(11) DEFAULT NULL auto_increment PRIMARY KEY, `name` varchar(255), `created_at` datetime, `updated_at` datetime) ENGINE=InnoDB
  [1m[36m (82.8ms)[0m  [1mCREATE TABLE `schema_migrations` (`version` varchar(255) NOT NULL) ENGINE=InnoDB[0m
  [1m[35m (0.3ms)[0m  SHOW KEYS FROM `schema_migrations`
  [1m[36m (166.9ms)[0m  [1mCREATE UNIQUE INDEX `unique_schema_migrations` ON `schema_migrations` (`version`)[0m
  [1m[35m (0.3ms)[0m  SELECT version FROM `schema_migrations`
  [1m[36m (39.9ms)[0m  [1mINSERT INTO `schema_migrations` (version) VALUES ('20111004085527')[0m
  [1m[36m (0.1ms)[0m  [1mSELECT `schema_migrations`.`version` FROM `schema_migrations` [0m
  [1m[35m (69.0ms)[0m  DROP DATABASE IF EXISTS `ticketee_test`
  [1m[36m (0.1ms)[0m  [1mCREATE DATABASE `ticketee_test` DEFAULT CHARACTER SET `utf8` COLLATE `utf8_unicode_ci`[0m
  [1m[35m (104.5ms)[0m  CREATE TABLE `projects` (`id` int(11) DEFAULT NULL auto_increment PRIMARY KEY, `name` varchar(255), `created_at` datetime, `updated_at` datetime) ENGINE=InnoDB
  [1m[36m (70.3ms)[0m  [1mCREATE TABLE `schema_migrations` (`version` varchar(255) NOT NULL) ENGINE=InnoDB[0m
  [1m[35m (0.3ms)[0m  SHOW KEYS FROM `schema_migrations`
  [1m[36m (162.5ms)[0m  [1mCREATE UNIQUE INDEX `unique_schema_migrations` ON `schema_migrations` (`version`)[0m
  [1m[35m (0.2ms)[0m  SELECT version FROM `schema_migrations`
  [1m[36m (33.4ms)[0m  [1mINSERT INTO `schema_migrations` (version) VALUES ('20111004085527')[0m
  [1m[36m (0.1ms)[0m  [1mSELECT `schema_migrations`.`version` FROM `schema_migrations` [0m
  [1m[35m (124.2ms)[0m  DROP DATABASE IF EXISTS `ticketee_test`
  [1m[36m (0.1ms)[0m  [1mCREATE DATABASE `ticketee_test` DEFAULT CHARACTER SET `utf8` COLLATE `utf8_unicode_ci`[0m
  [1m[35m (121.0ms)[0m  CREATE TABLE `projects` (`id` int(11) DEFAULT NULL auto_increment PRIMARY KEY, `name` varchar(255), `created_at` datetime, `updated_at` datetime) ENGINE=InnoDB
  [1m[36m (74.4ms)[0m  [1mCREATE TABLE `schema_migrations` (`version` varchar(255) NOT NULL) ENGINE=InnoDB[0m
  [1m[35m (0.3ms)[0m  SHOW KEYS FROM `schema_migrations`
  [1m[36m (208.4ms)[0m  [1mCREATE UNIQUE INDEX `unique_schema_migrations` ON `schema_migrations` (`version`)[0m
  [1m[35m (0.3ms)[0m  SELECT version FROM `schema_migrations`
  [1m[36m (29.6ms)[0m  [1mINSERT INTO `schema_migrations` (version) VALUES ('20111004085527')[0m
  [1m[36m (0.1ms)[0m  [1mSELECT `schema_migrations`.`version` FROM `schema_migrations` [0m
  [1m[35m (141.7ms)[0m  DROP DATABASE IF EXISTS `ticketee_test`
  [1m[36m (0.1ms)[0m  [1mCREATE DATABASE `ticketee_test` DEFAULT CHARACTER SET `utf8` COLLATE `utf8_unicode_ci`[0m
  [1m[35m (100.5ms)[0m  CREATE TABLE `projects` (`id` int(11) DEFAULT NULL auto_increment PRIMARY KEY, `name` varchar(255), `created_at` datetime, `updated_at` datetime) ENGINE=InnoDB
  [1m[36m (78.8ms)[0m  [1mCREATE TABLE `schema_migrations` (`version` varchar(255) NOT NULL) ENGINE=InnoDB[0m
  [1m[35m (0.2ms)[0m  SHOW KEYS FROM `schema_migrations`
  [1m[36m (183.6ms)[0m  [1mCREATE UNIQUE INDEX `unique_schema_migrations` ON `schema_migrations` (`version`)[0m
  [1m[35m (0.2ms)[0m  SELECT version FROM `schema_migrations`
  [1m[36m (35.8ms)[0m  [1mINSERT INTO `schema_migrations` (version) VALUES ('20111004085527')[0m
  [1m[36m (0.1ms)[0m  [1mSELECT `schema_migrations`.`version` FROM `schema_migrations` [0m
  [1m[35m (138.7ms)[0m  DROP DATABASE IF EXISTS `ticketee_test`
  [1m[36m (0.2ms)[0m  [1mCREATE DATABASE `ticketee_test` DEFAULT CHARACTER SET `utf8` COLLATE `utf8_unicode_ci`[0m
  [1m[35m (104.5ms)[0m  CREATE TABLE `projects` (`id` int(11) DEFAULT NULL auto_increment PRIMARY KEY, `name` varchar(255), `created_at` datetime, `updated_at` datetime) ENGINE=InnoDB
  [1m[36m (82.9ms)[0m  [1mCREATE TABLE `schema_migrations` (`version` varchar(255) NOT NULL) ENGINE=InnoDB[0m
  [1m[35m (0.3ms)[0m  SHOW KEYS FROM `schema_migrations`
  [1m[36m (183.3ms)[0m  [1mCREATE UNIQUE INDEX `unique_schema_migrations` ON `schema_migrations` (`version`)[0m
  [1m[35m (0.3ms)[0m  SELECT version FROM `schema_migrations`
  [1m[36m (35.8ms)[0m  [1mINSERT INTO `schema_migrations` (version) VALUES ('20111004085527')[0m
  [1m[36m (0.1ms)[0m  [1mSELECT `schema_migrations`.`version` FROM `schema_migrations` [0m
  [1m[35m (158.0ms)[0m  DROP DATABASE IF EXISTS `ticketee_test`
  [1m[36m (0.1ms)[0m  [1mCREATE DATABASE `ticketee_test` DEFAULT CHARACTER SET `utf8` COLLATE `utf8_unicode_ci`[0m
  [1m[35m (96.3ms)[0m  CREATE TABLE `projects` (`id` int(11) DEFAULT NULL auto_increment PRIMARY KEY, `name` varchar(255), `created_at` datetime, `updated_at` datetime) ENGINE=InnoDB
  [1m[36m (82.9ms)[0m  [1mCREATE TABLE `schema_migrations` (`version` varchar(255) NOT NULL) ENGINE=InnoDB[0m
  [1m[35m (0.3ms)[0m  SHOW KEYS FROM `schema_migrations`
  [1m[36m (184.7ms)[0m  [1mCREATE UNIQUE INDEX `unique_schema_migrations` ON `schema_migrations` (`version`)[0m
  [1m[35m (0.2ms)[0m  SELECT version FROM `schema_migrations`
  [1m[36m (31.6ms)[0m  [1mINSERT INTO `schema_migrations` (version) VALUES ('20111004085527')[0m
  [1m[36m (0.1ms)[0m  [1mSELECT `schema_migrations`.`version` FROM `schema_migrations` [0m
  [1m[35m (170.5ms)[0m  DROP DATABASE IF EXISTS `ticketee_test`
  [1m[36m (0.2ms)[0m  [1mCREATE DATABASE `ticketee_test` DEFAULT CHARACTER SET `utf8` COLLATE `utf8_unicode_ci`[0m
  [1m[35m (229.2ms)[0m  CREATE TABLE `projects` (`id` int(11) DEFAULT NULL auto_increment PRIMARY KEY, `name` varchar(255), `created_at` datetime, `updated_at` datetime) ENGINE=InnoDB
  [1m[36m (91.0ms)[0m  [1mCREATE TABLE `schema_migrations` (`version` varchar(255) NOT NULL) ENGINE=InnoDB[0m
  [1m[35m (0.3ms)[0m  SHOW KEYS FROM `schema_migrations`
  [1m[36m (175.4ms)[0m  [1mCREATE UNIQUE INDEX `unique_schema_migrations` ON `schema_migrations` (`version`)[0m
  [1m[35m (0.2ms)[0m  SELECT version FROM `schema_migrations`
  [1m[36m (31.7ms)[0m  [1mINSERT INTO `schema_migrations` (version) VALUES ('20111004085527')[0m
  [1m[36m (0.1ms)[0m  [1mSELECT `schema_migrations`.`version` FROM `schema_migrations` [0m
  [1m[35m (129.9ms)[0m  DROP DATABASE IF EXISTS `ticketee_test`
  [1m[36m (0.1ms)[0m  [1mCREATE DATABASE `ticketee_test` DEFAULT CHARACTER SET `utf8` COLLATE `utf8_unicode_ci`[0m
  [1m[35m (92.6ms)[0m  CREATE TABLE `projects` (`id` int(11) DEFAULT NULL auto_increment PRIMARY KEY, `name` varchar(255), `created_at` datetime, `updated_at` datetime) ENGINE=InnoDB
  [1m[36m (82.8ms)[0m  [1mCREATE TABLE `schema_migrations` (`version` varchar(255) NOT NULL) ENGINE=InnoDB[0m
  [1m[35m (0.3ms)[0m  SHOW KEYS FROM `schema_migrations`
  [1m[36m (170.5ms)[0m  [1mCREATE UNIQUE INDEX `unique_schema_migrations` ON `schema_migrations` (`version`)[0m
  [1m[35m (0.2ms)[0m  SELECT version FROM `schema_migrations`
  [1m[36m (31.7ms)[0m  [1mINSERT INTO `schema_migrations` (version) VALUES ('20111004085527')[0m
  [1m[36m (0.1ms)[0m  [1mSELECT `schema_migrations`.`version` FROM `schema_migrations` [0m
  [1m[35m (123.6ms)[0m  DROP DATABASE IF EXISTS `ticketee_test`
  [1m[36m (0.1ms)[0m  [1mCREATE DATABASE `ticketee_test` DEFAULT CHARACTER SET `utf8` COLLATE `utf8_unicode_ci`[0m
  [1m[35m (92.8ms)[0m  CREATE TABLE `projects` (`id` int(11) DEFAULT NULL auto_increment PRIMARY KEY, `name` varchar(255), `created_at` datetime, `updated_at` datetime) ENGINE=InnoDB
  [1m[36m (82.7ms)[0m  [1mCREATE TABLE `schema_migrations` (`version` varchar(255) NOT NULL) ENGINE=InnoDB[0m
  [1m[35m (0.4ms)[0m  SHOW KEYS FROM `schema_migrations`
  [1m[36m (175.0ms)[0m  [1mCREATE UNIQUE INDEX `unique_schema_migrations` ON `schema_migrations` (`version`)[0m
  [1m[35m (0.3ms)[0m  SELECT version FROM `schema_migrations`
  [1m[36m (31.6ms)[0m  [1mINSERT INTO `schema_migrations` (version) VALUES ('20111004085527')[0m
  [1m[36m (0.1ms)[0m  [1mSELECT `schema_migrations`.`version` FROM `schema_migrations` [0m
  [1m[35m (134.5ms)[0m  DROP DATABASE IF EXISTS `ticketee_test`
  [1m[36m (0.1ms)[0m  [1mCREATE DATABASE `ticketee_test` DEFAULT CHARACTER SET `utf8` COLLATE `utf8_unicode_ci`[0m
  [1m[35m (103.5ms)[0m  CREATE TABLE `projects` (`id` int(11) DEFAULT NULL auto_increment PRIMARY KEY, `name` varchar(255), `created_at` datetime, `updated_at` datetime) ENGINE=InnoDB
  [1m[36m (65.5ms)[0m  [1mCREATE TABLE `schema_migrations` (`version` varchar(255) NOT NULL) ENGINE=InnoDB[0m
  [1m[35m (0.3ms)[0m  SHOW KEYS FROM `schema_migrations`
  [1m[36m (158.5ms)[0m  [1mCREATE UNIQUE INDEX `unique_schema_migrations` ON `schema_migrations` (`version`)[0m
  [1m[35m (0.2ms)[0m  SELECT version FROM `schema_migrations`
  [1m[36m (31.8ms)[0m  [1mINSERT INTO `schema_migrations` (version) VALUES ('20111004085527')[0m
  [1m[36m (0.1ms)[0m  [1mSELECT `schema_migrations`.`version` FROM `schema_migrations` [0m
  [1m[35m (103.1ms)[0m  DROP DATABASE IF EXISTS `ticketee_test`
  [1m[36m (0.1ms)[0m  [1mCREATE DATABASE `ticketee_test` DEFAULT CHARACTER SET `utf8` COLLATE `utf8_unicode_ci`[0m
  [1m[35m (87.6ms)[0m  CREATE TABLE `projects` (`id` int(11) DEFAULT NULL auto_increment PRIMARY KEY, `name` varchar(255), `created_at` datetime, `updated_at` datetime) ENGINE=InnoDB
  [1m[36m (57.8ms)[0m  [1mCREATE TABLE `schema_migrations` (`version` varchar(255) NOT NULL) ENGINE=InnoDB[0m
  [1m[35m (0.2ms)[0m  SHOW KEYS FROM `schema_migrations`
  [1m[36m (167.6ms)[0m  [1mCREATE UNIQUE INDEX `unique_schema_migrations` ON `schema_migrations` (`version`)[0m
  [1m[35m (0.3ms)[0m  SELECT version FROM `schema_migrations`
  [1m[36m (31.6ms)[0m  [1mINSERT INTO `schema_migrations` (version) VALUES ('20111004085527')[0m
  [1m[36m (0.1ms)[0m  [1mSELECT `schema_migrations`.`version` FROM `schema_migrations` [0m
  [1m[35m (127.2ms)[0m  DROP DATABASE IF EXISTS `ticketee_test`
  [1m[36m (0.1ms)[0m  [1mCREATE DATABASE `ticketee_test` DEFAULT CHARACTER SET `utf8` COLLATE `utf8_unicode_ci`[0m
  [1m[35m (107.8ms)[0m  CREATE TABLE `projects` (`id` int(11) DEFAULT NULL auto_increment PRIMARY KEY, `name` varchar(255), `created_at` datetime, `updated_at` datetime) ENGINE=InnoDB
  [1m[36m (72.6ms)[0m  [1mCREATE TABLE `schema_migrations` (`version` varchar(255) NOT NULL) ENGINE=InnoDB[0m
  [1m[35m (0.2ms)[0m  SHOW KEYS FROM `schema_migrations`
  [1m[36m (185.3ms)[0m  [1mCREATE UNIQUE INDEX `unique_schema_migrations` ON `schema_migrations` (`version`)[0m
  [1m[35m (0.3ms)[0m  SELECT version FROM `schema_migrations`
  [1m[36m (31.6ms)[0m  [1mINSERT INTO `schema_migrations` (version) VALUES ('20111004085527')[0m
  [1m[36m (0.1ms)[0m  [1mSELECT `schema_migrations`.`version` FROM `schema_migrations` [0m
  [1m[35m (92.6ms)[0m  DROP DATABASE IF EXISTS `ticketee_test`
  [1m[36m (0.1ms)[0m  [1mCREATE DATABASE `ticketee_test` DEFAULT CHARACTER SET `utf8` COLLATE `utf8_unicode_ci`[0m
  [1m[35m (112.5ms)[0m  CREATE TABLE `projects` (`id` int(11) DEFAULT NULL auto_increment PRIMARY KEY, `name` varchar(255), `created_at` datetime, `updated_at` datetime) ENGINE=InnoDB
  [1m[36m (74.4ms)[0m  [1mCREATE TABLE `schema_migrations` (`version` varchar(255) NOT NULL) ENGINE=InnoDB[0m
  [1m[35m (0.2ms)[0m  SHOW KEYS FROM `schema_migrations`
  [1m[36m (191.8ms)[0m  [1mCREATE UNIQUE INDEX `unique_schema_migrations` ON `schema_migrations` (`version`)[0m
  [1m[35m (0.2ms)[0m  SELECT version FROM `schema_migrations`
  [1m[36m (40.2ms)[0m  [1mINSERT INTO `schema_migrations` (version) VALUES ('20111004085527')[0m
  [1m[36m (0.1ms)[0m  [1mSELECT `schema_migrations`.`version` FROM `schema_migrations` [0m
  [1m[35m (137.3ms)[0m  DROP DATABASE IF EXISTS `ticketee_test`
  [1m[36m (0.1ms)[0m  [1mCREATE DATABASE `ticketee_test` DEFAULT CHARACTER SET `utf8` COLLATE `utf8_unicode_ci`[0m
  [1m[35m (75.0ms)[0m  CREATE TABLE `projects` (`id` int(11) DEFAULT NULL auto_increment PRIMARY KEY, `name` varchar(255), `created_at` datetime, `updated_at` datetime) ENGINE=InnoDB
  [1m[36m (78.4ms)[0m  [1mCREATE TABLE `schema_migrations` (`version` varchar(255) NOT NULL) ENGINE=InnoDB[0m
  [1m[35m (0.3ms)[0m  SHOW KEYS FROM `schema_migrations`
  [1m[36m (200.1ms)[0m  [1mCREATE UNIQUE INDEX `unique_schema_migrations` ON `schema_migrations` (`version`)[0m
  [1m[35m (0.2ms)[0m  SELECT version FROM `schema_migrations`
  [1m[36m (31.6ms)[0m  [1mINSERT INTO `schema_migrations` (version) VALUES ('20111004085527')[0m
  [1m[36m (0.1ms)[0m  [1mSELECT `schema_migrations`.`version` FROM `schema_migrations` [0m
  [1m[35m (119.7ms)[0m  DROP DATABASE IF EXISTS `ticketee_test`
  [1m[36m (0.1ms)[0m  [1mCREATE DATABASE `ticketee_test` DEFAULT CHARACTER SET `utf8` COLLATE `utf8_unicode_ci`[0m
  [1m[35m (96.3ms)[0m  CREATE TABLE `projects` (`id` int(11) DEFAULT NULL auto_increment PRIMARY KEY, `name` varchar(255), `created_at` datetime, `updated_at` datetime) ENGINE=InnoDB
  [1m[36m (74.5ms)[0m  [1mCREATE TABLE `schema_migrations` (`version` varchar(255) NOT NULL) ENGINE=InnoDB[0m
  [1m[35m (0.2ms)[0m  SHOW KEYS FROM `schema_migrations`
  [1m[36m (183.6ms)[0m  [1mCREATE UNIQUE INDEX `unique_schema_migrations` ON `schema_migrations` (`version`)[0m
  [1m[35m (0.3ms)[0m  SELECT version FROM `schema_migrations`
  [1m[36m (31.4ms)[0m  [1mINSERT INTO `schema_migrations` (version) VALUES ('20111004085527')[0m
  [1m[36m (0.1ms)[0m  [1mSELECT `schema_migrations`.`version` FROM `schema_migrations` [0m
  [1m[35m (154.6ms)[0m  DROP DATABASE IF EXISTS `ticketee_test`
  [1m[36m (0.1ms)[0m  [1mCREATE DATABASE `ticketee_test` DEFAULT CHARACTER SET `utf8` COLLATE `utf8_unicode_ci`[0m
  [1m[35m (76.4ms)[0m  CREATE TABLE `projects` (`id` int(11) DEFAULT NULL auto_increment PRIMARY KEY, `name` varchar(255), `created_at` datetime, `updated_at` datetime) ENGINE=InnoDB
  [1m[36m (82.7ms)[0m  [1mCREATE TABLE `schema_migrations` (`version` varchar(255) NOT NULL) ENGINE=InnoDB[0m
  [1m[35m (0.3ms)[0m  SHOW KEYS FROM `schema_migrations`
  [1m[36m (171.6ms)[0m  [1mCREATE UNIQUE INDEX `unique_schema_migrations` ON `schema_migrations` (`version`)[0m
  [1m[35m (0.2ms)[0m  SELECT version FROM `schema_migrations`
  [1m[36m (35.4ms)[0m  [1mINSERT INTO `schema_migrations` (version) VALUES ('20111004085527')[0m
  [1m[36m (0.1ms)[0m  [1mSELECT `schema_migrations`.`version` FROM `schema_migrations` [0m
  [1m[35m (141.3ms)[0m  DROP DATABASE IF EXISTS `ticketee_test`
  [1m[36m (0.1ms)[0m  [1mCREATE DATABASE `ticketee_test` DEFAULT CHARACTER SET `utf8` COLLATE `utf8_unicode_ci`[0m
  [1m[35m (103.8ms)[0m  CREATE TABLE `projects` (`id` int(11) DEFAULT NULL auto_increment PRIMARY KEY, `name` varchar(255), `created_at` datetime, `updated_at` datetime) ENGINE=InnoDB
  [1m[36m (91.2ms)[0m  [1mCREATE TABLE `schema_migrations` (`version` varchar(255) NOT NULL) ENGINE=InnoDB[0m
  [1m[35m (0.3ms)[0m  SHOW KEYS FROM `schema_migrations`
  [1m[36m (200.1ms)[0m  [1mCREATE UNIQUE INDEX `unique_schema_migrations` ON `schema_migrations` (`version`)[0m
  [1m[35m (0.2ms)[0m  SELECT version FROM `schema_migrations`
  [1m[36m (40.4ms)[0m  [1mINSERT INTO `schema_migrations` (version) VALUES ('20111004085527')[0m
  [1m[36m (0.1ms)[0m  [1mSELECT `schema_migrations`.`version` FROM `schema_migrations` [0m
  [1m[35m (95.4ms)[0m  DROP DATABASE IF EXISTS `ticketee_test`
  [1m[36m (0.1ms)[0m  [1mCREATE DATABASE `ticketee_test` DEFAULT CHARACTER SET `utf8` COLLATE `utf8_unicode_ci`[0m
  [1m[35m (103.9ms)[0m  CREATE TABLE `projects` (`id` int(11) DEFAULT NULL auto_increment PRIMARY KEY, `name` varchar(255), `created_at` datetime, `updated_at` datetime) ENGINE=InnoDB
  [1m[36m (74.4ms)[0m  [1mCREATE TABLE `schema_migrations` (`version` varchar(255) NOT NULL) ENGINE=InnoDB[0m
  [1m[35m (0.3ms)[0m  SHOW KEYS FROM `schema_migrations`
  [1m[36m (186.5ms)[0m  [1mCREATE UNIQUE INDEX `unique_schema_migrations` ON `schema_migrations` (`version`)[0m
  [1m[35m (0.3ms)[0m  SELECT version FROM `schema_migrations`
  [1m[36m (36.5ms)[0m  [1mINSERT INTO `schema_migrations` (version) VALUES ('20111004085527')[0m
  [1m[36m (0.1ms)[0m  [1mSELECT `schema_migrations`.`version` FROM `schema_migrations` [0m
  [1m[35m (160.0ms)[0m  DROP DATABASE IF EXISTS `ticketee_test`
  [1m[36m (0.1ms)[0m  [1mCREATE DATABASE `ticketee_test` DEFAULT CHARACTER SET `utf8` COLLATE `utf8_unicode_ci`[0m
  [1m[35m (95.7ms)[0m  CREATE TABLE `projects` (`id` int(11) DEFAULT NULL auto_increment PRIMARY KEY, `name` varchar(255), `created_at` datetime, `updated_at` datetime) ENGINE=InnoDB
  [1m[36m (79.3ms)[0m  [1mCREATE TABLE `schema_migrations` (`version` varchar(255) NOT NULL) ENGINE=InnoDB[0m
  [1m[35m (0.2ms)[0m  SHOW KEYS FROM `schema_migrations`
  [1m[36m (188.4ms)[0m  [1mCREATE UNIQUE INDEX `unique_schema_migrations` ON `schema_migrations` (`version`)[0m
  [1m[35m (0.3ms)[0m  SELECT version FROM `schema_migrations`
  [1m[36m (35.0ms)[0m  [1mINSERT INTO `schema_migrations` (version) VALUES ('20111004085527')[0m
  [1m[36m (0.1ms)[0m  [1mSELECT `schema_migrations`.`version` FROM `schema_migrations` [0m
  [1m[35m (94.4ms)[0m  DROP DATABASE IF EXISTS `ticketee_test`
  [1m[36m (0.1ms)[0m  [1mCREATE DATABASE `ticketee_test` DEFAULT CHARACTER SET `utf8` COLLATE `utf8_unicode_ci`[0m
  [1m[35m (84.6ms)[0m  CREATE TABLE `projects` (`id` int(11) DEFAULT NULL auto_increment PRIMARY KEY, `name` varchar(255), `created_at` datetime, `updated_at` datetime) ENGINE=InnoDB
  [1m[36m (72.8ms)[0m  [1mCREATE TABLE `schema_migrations` (`version` varchar(255) NOT NULL) ENGINE=InnoDB[0m
  [1m[35m (0.3ms)[0m  SHOW KEYS FROM `schema_migrations`
  [1m[36m (191.9ms)[0m  [1mCREATE UNIQUE INDEX `unique_schema_migrations` ON `schema_migrations` (`version`)[0m
  [1m[35m (0.3ms)[0m  SELECT version FROM `schema_migrations`
  [1m[36m (39.1ms)[0m  [1mINSERT INTO `schema_migrations` (version) VALUES ('20111004085527')[0m
  [1m[36m (0.1ms)[0m  [1mSELECT `schema_migrations`.`version` FROM `schema_migrations` [0m
  [1m[35m (93.6ms)[0m  DROP DATABASE IF EXISTS `ticketee_test`
  [1m[36m (0.2ms)[0m  [1mCREATE DATABASE `ticketee_test` DEFAULT CHARACTER SET `utf8` COLLATE `utf8_unicode_ci`[0m
  [1m[35m (96.1ms)[0m  CREATE TABLE `projects` (`id` int(11) DEFAULT NULL auto_increment PRIMARY KEY, `name` varchar(255), `created_at` datetime, `updated_at` datetime) ENGINE=InnoDB
  [1m[36m (65.7ms)[0m  [1mCREATE TABLE `schema_migrations` (`version` varchar(255) NOT NULL) ENGINE=InnoDB[0m
  [1m[35m (0.4ms)[0m  SHOW KEYS FROM `schema_migrations`
  [1m[36m (191.7ms)[0m  [1mCREATE UNIQUE INDEX `unique_schema_migrations` ON `schema_migrations` (`version`)[0m
  [1m[35m (0.3ms)[0m  SELECT version FROM `schema_migrations`
  [1m[36m (31.3ms)[0m  [1mINSERT INTO `schema_migrations` (version) VALUES ('20111004085527')[0m
